liulian/build/outputs/logs/manifest-merger-debug-report.txt
-- Merging decision tree log ---
manifest
ADDED from 泰元项目/liulian/AndroidManifest.xml:2:1-678:12
	package
		ADDED from 泰元项目/liulian/AndroidManifest.xml:3:5-33
	android:versionName
		ADDED from 泰元项目/liulian/AndroidManifest.xml:5:5-32
	android:versionCode
		ADDED from 泰元项目/liulian/AndroidManifest.xml:4:5-30
		INJECTED from 泰元项目/liulian/AndroidManifest.xml
		INJECTED from 泰元项目/liulian/AndroidManifest.xml
	xmlns:android
		ADDED from 泰元项目/liulian/AndroidManifest.xml:2:11-69
uses-sdk
ADDED from 泰元项目/liulian/AndroidManifest.xml:7:5-43
	android:minSdkVersion
		ADDED from 泰元项目/liulian/AndroidManifest.xml:7:15-40
uses-permission#android.permission.GET_TASKS
ADDED from 泰元项目/liulian/AndroidManifest.xml:9:5-68
	android:name
		ADDED from 泰元项目/liulian/AndroidManifest.xml:9:22-65
uses-permission#android.permission.CHANGE_WIFI_STATE
ADDED from 泰元项目/liulian/AndroidManifest.xml:10:5-76
	android:name
		ADDED from 泰元项目/liulian/AndroidManifest.xml:10:22-73
uses-permission#android.permission.ACCESS_COARSE_UPDATES
ADDED from 泰元项目/liulian/AndroidManifest.xml:11:5-80
	android:name
		ADDED from 泰元项目/liulian/AndroidManifest.xml:11:22-77
uses-permission#android.permission.WAKE_LOCK
ADDED from 泰元项目/liulian/AndroidManifest.xml:12:5-68
	android:name
		ADDED from 泰元项目/liulian/AndroidManifest.xml:12:22-65
uses-permission#android.permission.VIBRATE
ADDED from 泰元项目/liulian/AndroidManifest.xml:13:5-66
	android:name
		ADDED from 泰元项目/liulian/AndroidManifest.xml:13:22-63
uses-permission#android.permission.INTERNET
ADDED from 泰元项目/liulian/AndroidManifest.xml:14:5-67
	android:name
		ADDED from 泰元项目/liulian/AndroidManifest.xml:14:22-64
uses-permission#android.permission.MOUNT_UNMOUNT_FILESYSTEMS
ADDED from 泰元项目/liulian/AndroidManifest.xml:15:5-84
	android:name
		ADDED from 泰元项目/liulian/AndroidManifest.xml:15:22-81
uses-permission#android.permission.WRITE_EXTERNAL_STORAGE
ADDED from 泰元项目/liulian/AndroidManifest.xml:16:5-81
	android:name
		ADDED from 泰元项目/liulian/AndroidManifest.xml:16:22-78
uses-permission#android.permission.READ_EXTERNAL_STORAGE
ADDED from 泰元项目/liulian/AndroidManifest.xml:17:5-80
	android:name
		ADDED from 泰元项目/liulian/AndroidManifest.xml:17:22-77
uses-permission#android.permission.ACCESS_NETWORK_STATE
ADDED from 泰元项目/liulian/AndroidManifest.xml:18:5-79
	android:name
		ADDED from 泰元项目/liulian/AndroidManifest.xml:18:22-76
uses-permission#android.permission.DISABLE_KEYGUARD
ADDED from 泰元项目/liulian/AndroidManifest.xml:19:5-75
	android:name
		ADDED from 泰元项目/liulian/AndroidManifest.xml:19:22-72
uses-permission#android.permission.ACCESS_WIFI_STATE
ADDED from 泰元项目/liulian/AndroidManifest.xml:20:5-21:23
	android:name
		ADDED from 泰元项目/liulian/AndroidManifest.xml:20:22-73
uses-permission#android.permission.WRITE_SETTINGS
ADDED from 泰元项目/liulian/AndroidManifest.xml:22:5-23:23
	android:name
		ADDED from 泰元项目/liulian/AndroidManifest.xml:22:22-70
uses-permission#com.android.launcher.permission.INSTALL_SHORTCUT
ADDED from 泰元项目/liulian/AndroidManifest.xml:24:5-88
	android:name
		ADDED from 泰元项目/liulian/AndroidManifest.xml:24:22-85
uses-permission#com.android.launcher.permission.UNINSTALL_SHORTCUT
ADDED from 泰元项目/liulian/AndroidManifest.xml:25:5-90
	android:name
		ADDED from 泰元项目/liulian/AndroidManifest.xml:25:22-87
uses-permission#android.permission.INTERACT_ACROSS_USERS_FULL
ADDED from 泰元项目/liulian/AndroidManifest.xml:26:5-85
	android:name
		ADDED from 泰元项目/liulian/AndroidManifest.xml:26:22-82
uses-permission#android.permission.CHANGE_CONFIGURATION
ADDED from 泰元项目/liulian/AndroidManifest.xml:27:5-79
	android:name
		ADDED from 泰元项目/liulian/AndroidManifest.xml:27:22-76
uses-permission#android.permission.RECEIVE_BOOT_COMPLETED
ADDED from 泰元项目/liulian/AndroidManifest.xml:28:5-81
	android:name
		ADDED from 泰元项目/liulian/AndroidManifest.xml:28:22-78
uses-permission#android.permission.MODIFY_AUDIO_SETTINGS
ADDED from 泰元项目/liulian/AndroidManifest.xml:29:5-80
	android:name
		ADDED from 泰元项目/liulian/AndroidManifest.xml:29:22-77
uses-permission#android.permission.RECORD_AUDIO
ADDED from 泰元项目/liulian/AndroidManifest.xml:30:5-71
	android:name
		ADDED from 泰元项目/liulian/AndroidManifest.xml:30:22-68
uses-permission#android.permission.CAMERA
ADDED from 泰元项目/liulian/AndroidManifest.xml:31:5-65
	android:name
		ADDED from 泰元项目/liulian/AndroidManifest.xml:31:22-62
uses-permission#android.permission.ACCESS_MOCK_LOCATION
ADDED from 泰元项目/liulian/AndroidManifest.xml:32:5-79
	android:name
		ADDED from 泰元项目/liulian/AndroidManifest.xml:32:22-76
uses-permission#android.permission.READ_PHONE_STATE
ADDED from 泰元项目/liulian/AndroidManifest.xml:33:5-75
	android:name
		ADDED from 泰元项目/liulian/AndroidManifest.xml:33:22-72
uses-permission#android.permission.ACCESS_COARSE_LOCATION
ADDED from 泰元项目/liulian/AndroidManifest.xml:36:5-81
	android:name
		ADDED from 泰元项目/liulian/AndroidManifest.xml:36:22-78
uses-permission#android.permission.ACCESS_FINE_LOCATION
ADDED from 泰元项目/liulian/AndroidManifest.xml:37:5-79
	android:name
		ADDED from 泰元项目/liulian/AndroidManifest.xml:37:22-76
application
ADDED from 泰元项目/liulian/AndroidManifest.xml:39:5-676:19
	android:label
		ADDED from 泰元项目/liulian/AndroidManifest.xml:44:9-41
	android:hardwareAccelerated
		ADDED from 泰元项目/liulian/AndroidManifest.xml:42:9-43
	android:allowBackup
		ADDED from 泰元项目/liulian/AndroidManifest.xml:41:9-35
	android:icon
		ADDED from 泰元项目/liulian/AndroidManifest.xml:43:9-45
	android:largeHeap
		ADDED from 泰元项目/liulian/AndroidManifest.xml:45:9-33
	android:theme
		ADDED from 泰元项目/liulian/AndroidManifest.xml:46:9-62
	android:name
		ADDED from 泰元项目/liulian/AndroidManifest.xml:40:9-42
service#com.baidu.location.f
ADDED from 泰元项目/liulian/AndroidManifest.xml:49:9-57:19
	android:enabled
		ADDED from 泰元项目/liulian/AndroidManifest.xml:51:13-35
	android:process
		ADDED from 泰元项目/liulian/AndroidManifest.xml:52:13-38
	android:name
		ADDED from 泰元项目/liulian/AndroidManifest.xml:50:13-48
intent-filter#com.baidu.location.service_v2.2
ADDED from 泰元项目/liulian/AndroidManifest.xml:53:13-56:29
action#com.baidu.location.service_v2.2
ADDED from 泰元项目/liulian/AndroidManifest.xml:54:17-55:26
	android:name
		ADDED from 泰元项目/liulian/AndroidManifest.xml:54:25-71
meta-data#com.baidu.lbsapi.API_KEY
ADDED from 泰元项目/liulian/AndroidManifest.xml:59:9-61:56
	android:value
		ADDED from 泰元项目/liulian/AndroidManifest.xml:61:13-53
	android:name
		ADDED from 泰元项目/liulian/AndroidManifest.xml:60:13-52
meta-data#BaiduMobAd_STAT_ID
ADDED from 泰元项目/liulian/AndroidManifest.xml:65:9-67:42
	android:value
		ADDED from 泰元项目/liulian/AndroidManifest.xml:67:13-39
	android:name
		ADDED from 泰元项目/liulian/AndroidManifest.xml:66:13-46
meta-data#BaiduMobAd_CHANNEL
ADDED from 泰元项目/liulian/AndroidManifest.xml:68:9-69:70
	android:value
		ADDED from 泰元项目/liulian/AndroidManifest.xml:69:47-67
	android:name
		ADDED from 泰元项目/liulian/AndroidManifest.xml:69:13-46
meta-data#BaiduMobAd_EXCEPTION_LOG
ADDED from 泰元项目/liulian/AndroidManifest.xml:72:9-74:36
	android:value
		ADDED from 泰元项目/liulian/AndroidManifest.xml:74:13-33
	android:name
		ADDED from 泰元项目/liulian/AndroidManifest.xml:73:13-52
meta-data#BaiduMobAd_SEND_STRATEGY
ADDED from 泰元项目/liulian/AndroidManifest.xml:77:9-79:42
	android:value
		ADDED from 泰元项目/liulian/AndroidManifest.xml:79:13-39
	android:name
		ADDED from 泰元项目/liulian/AndroidManifest.xml:78:13-52
meta-data#BaiduMobAd_TIME_INTERVAL
ADDED from 泰元项目/liulian/AndroidManifest.xml:82:9-84:34
	android:value
		ADDED from 泰元项目/liulian/AndroidManifest.xml:84:13-31
	android:name
		ADDED from 泰元项目/liulian/AndroidManifest.xml:83:13-52
meta-data#BaiduMobAd_ONLY_WIFI
ADDED from 泰元项目/liulian/AndroidManifest.xml:88:9-90:36
	android:value
		ADDED from 泰元项目/liulian/AndroidManifest.xml:90:13-33
	android:name
		ADDED from 泰元项目/liulian/AndroidManifest.xml:89:13-48
meta-data#BaiduMobAd_CELL_LOCATION
ADDED from 泰元项目/liulian/AndroidManifest.xml:92:9-94:37
	android:value
		ADDED from 泰元项目/liulian/AndroidManifest.xml:94:13-34
	android:name
		ADDED from 泰元项目/liulian/AndroidManifest.xml:93:13-52
meta-data#BaiduMobAd_GPS_LOCATION
ADDED from 泰元项目/liulian/AndroidManifest.xml:96:9-98:37
	android:value
		ADDED from 泰元项目/liulian/AndroidManifest.xml:98:13-34
	android:name
		ADDED from 泰元项目/liulian/AndroidManifest.xml:97:13-51
meta-data#BaiduMobAd_WIFI_LOCATION
ADDED from 泰元项目/liulian/AndroidManifest.xml:100:9-102:37
	android:value
		ADDED from 泰元项目/liulian/AndroidManifest.xml:102:13-34
	android:name
		ADDED from 泰元项目/liulian/AndroidManifest.xml:101:13-52
activity#com.tencent.connect.common.AssistActivity
ADDED from 泰元项目/liulian/AndroidManifest.xml:106:9-109:75
	android:screenOrientation
		ADDED from 泰元项目/liulian/AndroidManifest.xml:108:13-49
	android:theme
		ADDED from 泰元项目/liulian/AndroidManifest.xml:109:13-72
	android:name
		ADDED from 泰元项目/liulian/AndroidManifest.xml:107:13-69
activity#com.tencent.tauth.AuthActivity
ADDED from 泰元项目/liulian/AndroidManifest.xml:110:9-122:20
	android:launchMode
		ADDED from 泰元项目/liulian/AndroidManifest.xml:112:13-44
	android:noHistory
		ADDED from 泰元项目/liulian/AndroidManifest.xml:113:13-37
	android:name
		ADDED from 泰元项目/liulian/AndroidManifest.xml:111:13-58
intent-filter#android.intent.action.VIEW+android.intent.category.BROWSABLE+android.intent.category.DEFAULT
ADDED from 泰元项目/liulian/AndroidManifest.xml:114:13-121:29
action#android.intent.action.VIEW
ADDED from 泰元项目/liulian/AndroidManifest.xml:115:17-69
	android:name
		ADDED from 泰元项目/liulian/AndroidManifest.xml:115:25-66
category#android.intent.category.DEFAULT
ADDED from 泰元项目/liulian/AndroidManifest.xml:117:17-76
	android:name
		ADDED from 泰元项目/liulian/AndroidManifest.xml:117:27-73
category#android.intent.category.BROWSABLE
ADDED from 泰元项目/liulian/AndroidManifest.xml:118:17-78
	android:name
		ADDED from 泰元项目/liulian/AndroidManifest.xml:118:27-75
data
ADDED from 泰元项目/liulian/AndroidManifest.xml:120:17-60
	android:scheme
		ADDED from 泰元项目/liulian/AndroidManifest.xml:120:23-57
activity#com.tencent.connect.avatar.ImageActivity
ADDED from 泰元项目/liulian/AndroidManifest.xml:123:9-77
	android:name
		ADDED from 泰元项目/liulian/AndroidManifest.xml:123:19-74
receiver#com.haomee.baidu.push.MyPushMessageReceiver
ADDED from 泰元项目/liulian/AndroidManifest.xml:188:9-194:20
	android:name
		ADDED from 泰元项目/liulian/AndroidManifest.xml:188:19-77
intent-filter#com.baidu.android.pushservice.action.MESSAGE+com.baidu.android.pushservice.action.RECEIVE+com.baidu.android.pushservice.action.notification.CLICK
ADDED from 泰元项目/liulian/AndroidManifest.xml:189:13-193:29
action#com.baidu.android.pushservice.action.MESSAGE
ADDED from 泰元项目/liulian/AndroidManifest.xml:190:17-87
	android:name
		ADDED from 泰元项目/liulian/AndroidManifest.xml:190:25-84
action#com.baidu.android.pushservice.action.RECEIVE
ADDED from 泰元项目/liulian/AndroidManifest.xml:191:17-87
	android:name
		ADDED from 泰元项目/liulian/AndroidManifest.xml:191:25-84
action#com.baidu.android.pushservice.action.notification.CLICK
ADDED from 泰元项目/liulian/AndroidManifest.xml:192:17-98
	android:name
		ADDED from 泰元项目/liulian/AndroidManifest.xml:192:25-95
receiver#com.baidu.android.pushservice.PushServiceReceiver
ADDED from 泰元项目/liulian/AndroidManifest.xml:195:9-204:20
	android:process
		ADDED from 泰元项目/liulian/AndroidManifest.xml:197:13-44
	android:name
		ADDED from 泰元项目/liulian/AndroidManifest.xml:196:13-77
intent-filter#android.intent.action.BOOT_COMPLETED+android.net.conn.CONNECTIVITY_CHANGE+com.baidu.android.pushservice.action.media.CLICK+com.baidu.android.pushservice.action.notification.SHOW
ADDED from 泰元项目/liulian/AndroidManifest.xml:198:13-203:29
action#android.intent.action.BOOT_COMPLETED
ADDED from 泰元项目/liulian/AndroidManifest.xml:199:17-79
	android:name
		ADDED from 泰元项目/liulian/AndroidManifest.xml:199:25-76
action#android.net.conn.CONNECTIVITY_CHANGE
ADDED from 泰元项目/liulian/AndroidManifest.xml:200:17-79
	android:name
		ADDED from 泰元项目/liulian/AndroidManifest.xml:200:25-76
action#com.baidu.android.pushservice.action.notification.SHOW
ADDED from 泰元项目/liulian/AndroidManifest.xml:201:17-97
	android:name
		ADDED from 泰元项目/liulian/AndroidManifest.xml:201:25-94
action#com.baidu.android.pushservice.action.media.CLICK
ADDED from 泰元项目/liulian/AndroidManifest.xml:202:17-91
	android:name
		ADDED from 泰元项目/liulian/AndroidManifest.xml:202:25-88
receiver#com.baidu.android.pushservice.RegistrationReceiver
ADDED from 泰元项目/liulian/AndroidManifest.xml:205:9-217:20
	android:process
		ADDED from 泰元项目/liulian/AndroidManifest.xml:207:13-44
	android:name
		ADDED from 泰元项目/liulian/AndroidManifest.xml:206:13-78
intent-filter#com.baidu.android.pushservice.action.BIND_SYNC+com.baidu.android.pushservice.action.METHOD
ADDED from 泰元项目/liulian/AndroidManifest.xml:208:13-211:29
action#com.baidu.android.pushservice.action.METHOD
ADDED from 泰元项目/liulian/AndroidManifest.xml:209:17-86
	android:name
		ADDED from 泰元项目/liulian/AndroidManifest.xml:209:25-83
action#com.baidu.android.pushservice.action.BIND_SYNC
ADDED from 泰元项目/liulian/AndroidManifest.xml:210:17-89
	android:name
		ADDED from 泰元项目/liulian/AndroidManifest.xml:210:25-86
intent-filter#android.intent.action.PACKAGE_REMOVED
ADDED from 泰元项目/liulian/AndroidManifest.xml:212:13-216:29
action#android.intent.action.PACKAGE_REMOVED
ADDED from 泰元项目/liulian/AndroidManifest.xml:213:17-80
	android:name
		ADDED from 泰元项目/liulian/AndroidManifest.xml:213:25-77
service#com.baidu.android.pushservice.PushService
ADDED from 泰元项目/liulian/AndroidManifest.xml:219:9-226:19
	android:process
		ADDED from 泰元项目/liulian/AndroidManifest.xml:222:13-44
	android:exported
		ADDED from 泰元项目/liulian/AndroidManifest.xml:221:13-36
	android:name
		ADDED from 泰元项目/liulian/AndroidManifest.xml:220:13-69
intent-filter#com.baidu.android.pushservice.action.PUSH_SERVICE
ADDED from 泰元项目/liulian/AndroidManifest.xml:223:13-225:29
action#com.baidu.android.pushservice.action.PUSH_SERVICE
ADDED from 泰元项目/liulian/AndroidManifest.xml:224:17-92
	android:name
		ADDED from 泰元项目/liulian/AndroidManifest.xml:224:25-89
meta-data#api_key
ADDED from 泰元项目/liulian/AndroidManifest.xml:228:9-230:56
	android:value
		ADDED from 泰元项目/liulian/AndroidManifest.xml:230:13-53
	android:name
		ADDED from 泰元项目/liulian/AndroidManifest.xml:229:13-35
meta-data#EASEMOB_APPKEY
ADDED from 泰元项目/liulian/AndroidManifest.xml:235:9-237:45
	android:value
		ADDED from 泰元项目/liulian/AndroidManifest.xml:237:13-42
	android:name
		ADDED from 泰元项目/liulian/AndroidManifest.xml:236:13-42
service#com.easemob.chat.EMChatService
ADDED from 泰元项目/liulian/AndroidManifest.xml:239:9-66
	android:name
		ADDED from 泰元项目/liulian/AndroidManifest.xml:239:18-63
receiver#com.easemob.chat.StartServiceReceiver
ADDED from 泰元项目/liulian/AndroidManifest.xml:241:9-248:20
	android:name
		ADDED from 泰元项目/liulian/AndroidManifest.xml:241:19-71
intent-filter#android.intent.action.BOOT_COMPLETED+android.intent.action.QUICKBOOT_POWERON+android.intent.category.LAUNCHER
ADDED from 泰元项目/liulian/AndroidManifest.xml:242:13-247:29
	android:priority
		ADDED from 泰元项目/liulian/AndroidManifest.xml:242:28-51
action#android.intent.action.QUICKBOOT_POWERON
ADDED from 泰元项目/liulian/AndroidManifest.xml:244:17-82
	android:name
		ADDED from 泰元项目/liulian/AndroidManifest.xml:244:25-79
category#android.intent.category.LAUNCHER
ADDED from 泰元项目/liulian/AndroidManifest.xml:246:17-77
	android:name
		ADDED from 泰元项目/liulian/AndroidManifest.xml:246:27-74
activity#com.haomee.liulian.Test1Activity
ADDED from 泰元项目/liulian/AndroidManifest.xml:250:9-253:20
	android:screenOrientation
		ADDED from 泰元项目/liulian/AndroidManifest.xml:252:13-49
	android:name
		ADDED from 泰元项目/liulian/AndroidManifest.xml:251:13-60
activity#com.haomee.liulian.FavActivity
ADDED from 泰元项目/liulian/AndroidManifest.xml:254:9-257:20
	android:screenOrientation
		ADDED from 泰元项目/liulian/AndroidManifest.xml:256:13-49
	android:name
		ADDED from 泰元项目/liulian/AndroidManifest.xml:255:13-58
activity#com.haomee.liulian.HistoryActivity
ADDED from 泰元项目/liulian/AndroidManifest.xml:258:9-261:20
	android:screenOrientation
		ADDED from 泰元项目/liulian/AndroidManifest.xml:260:13-49
	android:name
		ADDED from 泰元项目/liulian/AndroidManifest.xml:259:13-62
activity#com.haomee.liulian.PraiseActivity
ADDED from 泰元项目/liulian/AndroidManifest.xml:262:9-265:20
	android:screenOrientation
		ADDED from 泰元项目/liulian/AndroidManifest.xml:264:13-49
	android:name
		ADDED from 泰元项目/liulian/AndroidManifest.xml:263:13-61
activity#com.haomee.liulian.UserInfoDetail
ADDED from 泰元项目/liulian/AndroidManifest.xml:266:9-269:20
	android:screenOrientation
		ADDED from 泰元项目/liulian/AndroidManifest.xml:268:13-49
	android:name
		ADDED from 泰元项目/liulian/AndroidManifest.xml:267:13-61
activity#com.haomee.fragment.HiFragment
ADDED from 泰元项目/liulian/AndroidManifest.xml:270:9-273:20
	android:screenOrientation
		ADDED from 泰元项目/liulian/AndroidManifest.xml:272:13-49
	android:name
		ADDED from 泰元项目/liulian/AndroidManifest.xml:271:13-58
activity#com.haomee.liulian.BlackListActivity
ADDED from 泰元项目/liulian/AndroidManifest.xml:275:9-278:20
	android:screenOrientation
		ADDED from 泰元项目/liulian/AndroidManifest.xml:277:13-49
	android:name
		ADDED from 泰元项目/liulian/AndroidManifest.xml:276:13-64
activity#com.haomee.liulian.ChestActivity
ADDED from 泰元项目/liulian/AndroidManifest.xml:279:9-282:20
	android:screenOrientation
		ADDED from 泰元项目/liulian/AndroidManifest.xml:281:13-49
	android:name
		ADDED from 泰元项目/liulian/AndroidManifest.xml:280:13-60
activity#com.haomee.liulian.ShareMedalActivity
ADDED from 泰元项目/liulian/AndroidManifest.xml:284:9-288:20
	android:screenOrientation
		ADDED from 泰元项目/liulian/AndroidManifest.xml:286:13-49
	android:theme
		ADDED from 泰元项目/liulian/AndroidManifest.xml:287:13-46
	android:name
		ADDED from 泰元项目/liulian/AndroidManifest.xml:285:13-65
activity#com.haomee.liulian.ShareActivity
ADDED from 泰元项目/liulian/AndroidManifest.xml:290:9-294:20
	android:screenOrientation
		ADDED from 泰元项目/liulian/AndroidManifest.xml:292:13-49
	android:theme
		ADDED from 泰元项目/liulian/AndroidManifest.xml:293:13-46
	android:name
		ADDED from 泰元项目/liulian/AndroidManifest.xml:291:13-60
activity#com.haomee.liulian.DialogAcitvity
ADDED from 泰元项目/liulian/AndroidManifest.xml:295:9-299:20
	android:screenOrientation
		ADDED from 泰元项目/liulian/AndroidManifest.xml:297:13-49
	android:theme
		ADDED from 泰元项目/liulian/AndroidManifest.xml:298:13-46
	android:name
		ADDED from 泰元项目/liulian/AndroidManifest.xml:296:13-61
activity#com.haomee.liulian.ShareResponseActivity
ADDED from 泰元项目/liulian/AndroidManifest.xml:300:9-308:20
	android:screenOrientation
		ADDED from 泰元项目/liulian/AndroidManifest.xml:302:13-49
	android:name
		ADDED from 泰元项目/liulian/AndroidManifest.xml:301:13-68
intent-filter#android.intent.category.DEFAULT+com.sina.weibo.sdk.action.ACTION_SDK_REQ_ACTIVITY
ADDED from 泰元项目/liulian/AndroidManifest.xml:303:13-307:29
action#com.sina.weibo.sdk.action.ACTION_SDK_REQ_ACTIVITY
ADDED from 泰元项目/liulian/AndroidManifest.xml:304:17-92
	android:name
		ADDED from 泰元项目/liulian/AndroidManifest.xml:304:25-89
activity#com.haomee.chat.activity.AlertDialog
ADDED from 泰元项目/liulian/AndroidManifest.xml:309:9-312:20
	android:theme
		ADDED from 泰元项目/liulian/AndroidManifest.xml:311:13-49
	android:name
		ADDED from 泰元项目/liulian/AndroidManifest.xml:310:13-64
activity#com.haomee.chat.activity.ChatActivity
ADDED from 泰元项目/liulian/AndroidManifest.xml:314:9-320:20
	android:screenOrientation
		ADDED from 泰元项目/liulian/AndroidManifest.xml:317:13-49
	android:launchMode
		ADDED from 泰元项目/liulian/AndroidManifest.xml:316:13-43
	android:windowSoftInputMode
		ADDED from 泰元项目/liulian/AndroidManifest.xml:319:13-55
	android:theme
		ADDED from 泰元项目/liulian/AndroidManifest.xml:318:13-52
	android:name
		ADDED from 泰元项目/liulian/AndroidManifest.xml:315:13-65
activity#com.haomee.chat.activity.ChatActivity2
ADDED from 泰元项目/liulian/AndroidManifest.xml:321:9-327:20
	android:screenOrientation
		ADDED from 泰元项目/liulian/AndroidManifest.xml:324:13-49
	android:launchMode
		ADDED from 泰元项目/liulian/AndroidManifest.xml:323:13-43
	android:windowSoftInputMode
		ADDED from 泰元项目/liulian/AndroidManifest.xml:326:13-55
	android:theme
		ADDED from 泰元项目/liulian/AndroidManifest.xml:325:13-52
	android:name
		ADDED from 泰元项目/liulian/AndroidManifest.xml:322:13-66
activity#com.haomee.chat.activity.MoreEmotionsActivity
ADDED from 泰元项目/liulian/AndroidManifest.xml:328:9-331:20
	android:screenOrientation
		ADDED from 泰元项目/liulian/AndroidManifest.xml:330:13-49
	android:name
		ADDED from 泰元项目/liulian/AndroidManifest.xml:329:13-73
activity#com.haomee.chat.activity.ChatGame1
ADDED from 泰元项目/liulian/AndroidManifest.xml:335:9-338:20
	android:screenOrientation
		ADDED from 泰元项目/liulian/AndroidManifest.xml:337:13-49
	android:name
		ADDED from 泰元项目/liulian/AndroidManifest.xml:336:13-62
activity#com.haomee.chat.activity.ChatGame2
ADDED from 泰元项目/liulian/AndroidManifest.xml:339:9-342:20
	android:screenOrientation
		ADDED from 泰元项目/liulian/AndroidManifest.xml:341:13-49
	android:name
		ADDED from 泰元项目/liulian/AndroidManifest.xml:340:13-62
activity#com.haomee.chat.activity.ContextMenu
ADDED from 泰元项目/liulian/AndroidManifest.xml:343:9-347:20
	android:screenOrientation
		ADDED from 泰元项目/liulian/AndroidManifest.xml:345:13-49
	android:theme
		ADDED from 泰元项目/liulian/AndroidManifest.xml:346:13-49
	android:name
		ADDED from 泰元项目/liulian/AndroidManifest.xml:344:13-64
activity#com.haomee.chat.activity.ShowVideoActivity
ADDED from 泰元项目/liulian/AndroidManifest.xml:348:9-353:20
	android:screenOrientation
		ADDED from 泰元项目/liulian/AndroidManifest.xml:350:13-49
	android:windowSoftInputMode
		ADDED from 泰元项目/liulian/AndroidManifest.xml:352:13-60
	android:theme
		ADDED from 泰元项目/liulian/AndroidManifest.xml:351:13-52
	android:name
		ADDED from 泰元项目/liulian/AndroidManifest.xml:349:13-70
activity#com.haomee.chat.activity.ImageGridActivity
ADDED from 泰元项目/liulian/AndroidManifest.xml:354:9-359:20
	android:screenOrientation
		ADDED from 泰元项目/liulian/AndroidManifest.xml:356:13-49
	android:windowSoftInputMode
		ADDED from 泰元项目/liulian/AndroidManifest.xml:358:13-60
	android:theme
		ADDED from 泰元项目/liulian/AndroidManifest.xml:357:13-52
	android:name
		ADDED from 泰元项目/liulian/AndroidManifest.xml:355:13-70
activity#com.haomee.chat.activity.ChatAllHistoryFragment
ADDED from 泰元项目/liulian/AndroidManifest.xml:361:9-366:20
	android:screenOrientation
		ADDED from 泰元项目/liulian/AndroidManifest.xml:363:13-49
	android:windowSoftInputMode
		ADDED from 泰元项目/liulian/AndroidManifest.xml:365:13-60
	android:theme
		ADDED from 泰元项目/liulian/AndroidManifest.xml:364:13-52
	android:name
		ADDED from 泰元项目/liulian/AndroidManifest.xml:362:13-75
activity#com.haomee.chat.activity.RecorderVideoActivity
ADDED from 泰元项目/liulian/AndroidManifest.xml:367:9-372:20
	android:screenOrientation
		ADDED from 泰元项目/liulian/AndroidManifest.xml:369:13-49
	android:windowSoftInputMode
		ADDED from 泰元项目/liulian/AndroidManifest.xml:371:13-60
	android:theme
		ADDED from 泰元项目/liulian/AndroidManifest.xml:370:13-52
	android:name
		ADDED from 泰元项目/liulian/AndroidManifest.xml:368:13-74
activity#com.haomee.chat.activity.ShowBigImage
ADDED from 泰元项目/liulian/AndroidManifest.xml:374:9-378:20
	android:screenOrientation
		ADDED from 泰元项目/liulian/AndroidManifest.xml:376:13-49
	android:theme
		ADDED from 泰元项目/liulian/AndroidManifest.xml:377:13-52
	android:name
		ADDED from 泰元项目/liulian/AndroidManifest.xml:375:13-65
activity#com.haomee.chat.activity.ShowNormalFileActivity
ADDED from 泰元项目/liulian/AndroidManifest.xml:380:9-384:20
	android:screenOrientation
		ADDED from 泰元项目/liulian/AndroidManifest.xml:382:13-49
	android:theme
		ADDED from 泰元项目/liulian/AndroidManifest.xml:383:13-52
	android:name
		ADDED from 泰元项目/liulian/AndroidManifest.xml:381:13-75
activity#com.haomee.liulian.StartActivity
ADDED from 泰元项目/liulian/AndroidManifest.xml:387:9-396:20
	android:screenOrientation
		ADDED from 泰元项目/liulian/AndroidManifest.xml:390:13-49
	android:label
		ADDED from 泰元项目/liulian/AndroidManifest.xml:389:13-45
	android:name
		ADDED from 泰元项目/liulian/AndroidManifest.xml:388:13-60
intent-filter#android.intent.action.MAIN+android.intent.category.LAUNCHER
ADDED from 泰元项目/liulian/AndroidManifest.xml:391:13-395:29
action#android.intent.action.MAIN
ADDED from 泰元项目/liulian/AndroidManifest.xml:392:17-69
	android:name
		ADDED from 泰元项目/liulian/AndroidManifest.xml:392:25-66
activity#com.haomee.liulian.LatestLoginActivity
ADDED from 泰元项目/liulian/AndroidManifest.xml:438:9-440:20
	android:screenOrientation
		ADDED from 泰元项目/liulian/AndroidManifest.xml:440:13-49
	android:name
		ADDED from 泰元项目/liulian/AndroidManifest.xml:439:13-66
activity#com.haomee.liulian.GuideActivity
ADDED from 泰元项目/liulian/AndroidManifest.xml:442:9-444:20
	android:screenOrientation
		ADDED from 泰元项目/liulian/AndroidManifest.xml:444:13-49
	android:name
		ADDED from 泰元项目/liulian/AndroidManifest.xml:443:13-60
activity#com.haomee.liulian.LoginPageActivity
ADDED from 泰元项目/liulian/AndroidManifest.xml:447:9-450:20
	android:screenOrientation
		ADDED from 泰元项目/liulian/AndroidManifest.xml:449:13-49
	android:name
		ADDED from 泰元项目/liulian/AndroidManifest.xml:448:13-64
activity#com.haomee.liulian.MainActivity
ADDED from 泰元项目/liulian/AndroidManifest.xml:453:9-456:52
	android:screenOrientation
		ADDED from 泰元项目/liulian/AndroidManifest.xml:456:13-49
	android:launchMode
		ADDED from 泰元项目/liulian/AndroidManifest.xml:455:13-44
	android:name
		ADDED from 泰元项目/liulian/AndroidManifest.xml:454:13-59
activity#com.haomee.liulian.LoginActivity
ADDED from 泰元项目/liulian/AndroidManifest.xml:459:9-462:20
	android:screenOrientation
		ADDED from 泰元项目/liulian/AndroidManifest.xml:461:13-49
	android:name
		ADDED from 泰元项目/liulian/AndroidManifest.xml:460:13-60
activity#com.haomee.liulian.RegActivity
ADDED from 泰元项目/liulian/AndroidManifest.xml:465:9-468:20
	android:screenOrientation
		ADDED from 泰元项目/liulian/AndroidManifest.xml:467:13-49
	android:name
		ADDED from 泰元项目/liulian/AndroidManifest.xml:466:13-58
activity#com.haomee.liulian.VerificationCodeActivity
ADDED from 泰元项目/liulian/AndroidManifest.xml:470:9-474:20
	android:screenOrientation
		ADDED from 泰元项目/liulian/AndroidManifest.xml:472:13-49
	android:windowSoftInputMode
		ADDED from 泰元项目/liulian/AndroidManifest.xml:473:13-65
	android:name
		ADDED from 泰元项目/liulian/AndroidManifest.xml:471:13-71
activity#com.haomee.liulian.ResetPassActivity
ADDED from 泰元项目/liulian/AndroidManifest.xml:476:9-479:20
	android:screenOrientation
		ADDED from 泰元项目/liulian/AndroidManifest.xml:478:13-49
	android:name
		ADDED from 泰元项目/liulian/AndroidManifest.xml:477:13-64
activity#com.haomee.liulian.UserInfoActivity
ADDED from 泰元项目/liulian/AndroidManifest.xml:481:9-487:20
	android:screenOrientation
		ADDED from 泰元项目/liulian/AndroidManifest.xml:483:13-49
	android:name
		ADDED from 泰元项目/liulian/AndroidManifest.xml:482:13-63
intent-filter#android.intent.category.DEFAULT
ADDED from 泰元项目/liulian/AndroidManifest.xml:484:13-486:29
activity#com.haomee.liulian.AlbumActivity
ADDED from 泰元项目/liulian/AndroidManifest.xml:488:9-491:20
	android:screenOrientation
		ADDED from 泰元项目/liulian/AndroidManifest.xml:490:13-49
	android:name
		ADDED from 泰元项目/liulian/AndroidManifest.xml:489:13-60
activity#com.haomee.liulian.ContentList
ADDED from 泰元项目/liulian/AndroidManifest.xml:494:9-497:20
	android:screenOrientation
		ADDED from 泰元项目/liulian/AndroidManifest.xml:496:13-49
	android:name
		ADDED from 泰元项目/liulian/AndroidManifest.xml:495:13-58
activity#com.haomee.liulian.SearchTopicActivity
ADDED from 泰元项目/liulian/AndroidManifest.xml:499:9-502:75
	android:screenOrientation
		ADDED from 泰元项目/liulian/AndroidManifest.xml:501:13-49
	android:windowSoftInputMode
		ADDED from 泰元项目/liulian/AndroidManifest.xml:502:13-72
	android:name
		ADDED from 泰元项目/liulian/AndroidManifest.xml:500:13-66
activity#com.haomee.liulian.SearchMusic
ADDED from 泰元项目/liulian/AndroidManifest.xml:503:9-507:75
	android:screenOrientation
		ADDED from 泰元项目/liulian/AndroidManifest.xml:506:13-49
	android:launchMode
		ADDED from 泰元项目/liulian/AndroidManifest.xml:505:13-44
	android:windowSoftInputMode
		ADDED from 泰元项目/liulian/AndroidManifest.xml:507:13-72
	android:name
		ADDED from 泰元项目/liulian/AndroidManifest.xml:504:13-58
activity#com.haomee.liulian.SendTextContent
ADDED from 泰元项目/liulian/AndroidManifest.xml:508:9-511:70
	android:screenOrientation
		ADDED from 泰元项目/liulian/AndroidManifest.xml:510:13-49
	android:windowSoftInputMode
		ADDED from 泰元项目/liulian/AndroidManifest.xml:511:13-67
	android:name
		ADDED from 泰元项目/liulian/AndroidManifest.xml:509:13-62
activity#com.haomee.liulian.TestActivity
ADDED from 泰元项目/liulian/AndroidManifest.xml:512:9-515:70
	android:screenOrientation
		ADDED from 泰元项目/liulian/AndroidManifest.xml:514:13-49
	android:windowSoftInputMode
		ADDED from 泰元项目/liulian/AndroidManifest.xml:515:13-67
	android:name
		ADDED from 泰元项目/liulian/AndroidManifest.xml:513:13-59
activity#com.haomee.liulian.SendContent
ADDED from 泰元项目/liulian/AndroidManifest.xml:516:9-519:70
	android:screenOrientation
		ADDED from 泰元项目/liulian/AndroidManifest.xml:518:13-49
	android:windowSoftInputMode
		ADDED from 泰元项目/liulian/AndroidManifest.xml:519:13-67
	android:name
		ADDED from 泰元项目/liulian/AndroidManifest.xml:517:13-58
activity#com.haomee.liulian.SendImageContent
ADDED from 泰元项目/liulian/AndroidManifest.xml:520:9-524:70
	android:screenOrientation
		ADDED from 泰元项目/liulian/AndroidManifest.xml:523:13-49
	android:launchMode
		ADDED from 泰元项目/liulian/AndroidManifest.xml:522:13-44
	android:windowSoftInputMode
		ADDED from 泰元项目/liulian/AndroidManifest.xml:524:13-67
	android:name
		ADDED from 泰元项目/liulian/AndroidManifest.xml:521:13-63
activity#com.haomee.liulian.SendMusicContent
ADDED from 泰元项目/liulian/AndroidManifest.xml:525:9-529:70
	android:screenOrientation
		ADDED from 泰元项目/liulian/AndroidManifest.xml:528:13-49
	android:launchMode
		ADDED from 泰元项目/liulian/AndroidManifest.xml:527:13-44
	android:windowSoftInputMode
		ADDED from 泰元项目/liulian/AndroidManifest.xml:529:13-67
	android:name
		ADDED from 泰元项目/liulian/AndroidManifest.xml:526:13-63
activity#com.haomee.liulian.SendMovieContent
ADDED from 泰元项目/liulian/AndroidManifest.xml:530:9-534:70
	android:screenOrientation
		ADDED from 泰元项目/liulian/AndroidManifest.xml:533:13-49
	android:launchMode